#
# There is insufficient memory for the Java Runtime Environment to continue.
# Native memory allocation (mmap) failed to map 268435456 bytes for G1 virtual space
# Possible reasons:
#   The system is out of physical RAM or swap space
#   The process is running with CompressedOops enabled, and the Java Heap may be blocking the growth of the native heap
# Possible solutions:
#   Reduce memory load on the system
#   Increase physical memory or swap space
#   Check if swap backing store is full
#   Decrease Java heap size (-Xmx/-Xms)
#   Decrease number of Java threads
#   Decrease Java thread stack sizes (-Xss)
#   Set larger code cache with -XX:ReservedCodeCacheSize=
#   JVM is running with Zero Based Compressed Oops mode in which the Java heap is
#     placed in the first 32GB address space. The Java Heap base address is the
#     maximum limit for the native heap growth. Please use -XX:HeapBaseMinAddress
#     to set the Java Heap base and to place the Java Heap above 32GB virtual address.
# This output file may be truncated or incomplete.
#
#  Out of Memory Error (os_windows.cpp:3528), pid=25356, tid=21420
#
# JRE version:  (20.0.1+9) (build )
# Java VM: Java HotSpot(TM) 64-Bit Server VM (20.0.1+9-29, mixed mode, sharing, tiered, compressed oops, compressed class ptrs, g1 gc, windows-amd64)
# No core dump will be written. Minidumps are not enabled by default on client versions of Windows
#

---------------  S U M M A R Y ------------

Command Line: 

Host: Intel(R) Core(TM) i5-6300U CPU @ 2.40GHz, 4 cores, 15G,  Windows 11 , 64 bit Build 22000 (10.0.22000.2538)
Time: Thu Feb  6 22:37:19 2025 W. Central Africa Standard Time elapsed time: 0.371692 seconds (0d 0h 0m 0s)

---------------  T H R E A D  ---------------

Current thread (0x00000162f0562d30):  JavaThread "Unknown thread" [_thread_in_vm, id=21420, stack(0x0000001f18b00000,0x0000001f18c00000)]

Stack: [0x0000001f18b00000,0x0000001f18c00000]
Native frames: (J=compiled Java code, j=interpreted, Vv=VM code, C=native code)
V  [jvm.dll+0x6bb95a]
V  [jvm.dll+0x8485fa]
V  [jvm.dll+0x84a1f5]
V  [jvm.dll+0x84a8f3]
V  [jvm.dll+0x280b0f]
V  [jvm.dll+0x6b86e9]
V  [jvm.dll+0x6ad2da]
V  [jvm.dll+0x35adf5]
V  [jvm.dll+0x363016]
V  [jvm.dll+0x3b3b3e]
V  [jvm.dll+0x3b3dc5]
V  [jvm.dll+0x32b50a]
V  [jvm.dll+0x32c32b]
V  [jvm.dll+0x8112bf]
V  [jvm.dll+0x3c0d91]
V  [jvm.dll+0x7fcfe3]
V  [jvm.dll+0x44c76f]
V  [jvm.dll+0x44e0e1]
C  [jli.dll+0x5287]
C  [ucrtbase.dll+0x26c0c]
C  [KERNEL32.DLL+0x153e0]
C  [ntdll.dll+0x485b]


---------------  P R O C E S S  ---------------

Threads class SMR info:
_java_thread_list=0x00007ffb8e3ba098, length=0, elements={
}

Java Threads: ( => current thread )

Other Threads:
  0x00000162f05d3360 WorkerThread "GC Thread#0" [stack: 0x0000001f18c00000,0x0000001f18d00000] [id=24736]
  0x00000162f05e40b0 ConcurrentGCThread "G1 Main Marker" [stack: 0x0000001f18d00000,0x0000001f18e00000] [id=22820]
  0x00000162f05e4ae0 WorkerThread "G1 Conc#0" [stack: 0x0000001f18e00000,0x0000001f18f00000] [id=20512]

[error occurred during error reporting (printing all threads), id 0xc0000005, EXCEPTION_ACCESS_VIOLATION (0xc0000005) at pc=0x00007ffb8db9eb47]
VM state: not at safepoint (not fully initialized)

VM Mutex/Monitor currently owned by a thread:  ([mutex/lock_event])
[0x00000162f055ce20] Heap_lock - owner thread: 0x00000162f0562d30

Heap address: 0x0000000701c00000, size: 4068 MB, Compressed Oops mode: Zero based, Oop shift amount: 3

CDS archive(s) mapped at: [0x0000000000000000-0x0000000000000000-0x0000000000000000), size 0, SharedBaseAddress: 0x0000000800000000, ArchiveRelocationMode: 0.
Narrow klass base: 0x0000000000000000, Narrow klass shift: 0, Narrow klass range: 0x0

GC Precious Log:
 CardTable entry size: 512
 Card Set container configuration: InlinePtr #cards 4 size 8 Array Of Cards #cards 16 size 48 Howl #buckets 8 coarsen threshold 3686 Howl Bitmap #cards 512 size 80 coarsen threshold 460 Card regions per heap region 1 cards per card region 4096

Heap:
 garbage-first heap   total 0K, used 0K [0x0000000701c00000, 0x0000000800000000)
  region size 2048K, 0 young (0K), 0 survivors (0K)

[error occurred during error reporting (printing heap information), id 0xc0000005, EXCEPTION_ACCESS_VIOLATION (0xc0000005) at pc=0x00007ffb8df73c59]
GC Heap History (0 events):
No events

Dll operation events (1 events):
Event: 0.042 Loaded shared library C:\Program Files\Java\jdk-20\bin\java.dll

Deoptimization events (0 events):
No events

Classes loaded (0 events):
No events

Classes unloaded (0 events):
No events

Classes redefined (0 events):
No events

Internal exceptions (0 events):
No events

VM Operations (0 events):
No events

Events (0 events):
No events


Dynamic libraries:
0x00007ff698cb0000 - 0x00007ff698cc0000 	C:\Program Files\Java\jdk-20\bin\java.exe
0x00007ffbd8f60000 - 0x00007ffbd9169000 	C:\Windows\SYSTEM32\ntdll.dll
0x00007ffbd83f0000 - 0x00007ffbd84ad000 	C:\Windows\System32\KERNEL32.DLL
0x00007ffbd6490000 - 0x00007ffbd6814000 	C:\Windows\System32\KERNELBASE.dll
0x00007ffbd6980000 - 0x00007ffbd6a91000 	C:\Windows\System32\ucrtbase.dll
0x00007ffbd37c0000 - 0x00007ffbd37d9000 	C:\Program Files\Java\jdk-20\bin\jli.dll
0x00007ffbd7730000 - 0x00007ffbd77de000 	C:\Windows\System32\ADVAPI32.dll
0x00007ffbd6df0000 - 0x00007ffbd6e93000 	C:\Windows\System32\msvcrt.dll
0x00007ffbd8c70000 - 0x00007ffbd8d0e000 	C:\Windows\System32\sechost.dll
0x00007ffbd8b40000 - 0x00007ffbd8c61000 	C:\Windows\System32\RPCRT4.dll
0x00007ffbd8990000 - 0x00007ffbd8b3d000 	C:\Windows\System32\USER32.dll
0x00007ffbd6950000 - 0x00007ffbd6976000 	C:\Windows\System32\win32u.dll
0x00007ffbd7bf0000 - 0x00007ffbd7c1a000 	C:\Windows\System32\GDI32.dll
0x00007ffbd6b20000 - 0x00007ffbd6c3e000 	C:\Windows\System32\gdi32full.dll
0x00007ffbd63f0000 - 0x00007ffbd648d000 	C:\Windows\System32\msvcp_win.dll
0x00007ffbd3740000 - 0x00007ffbd375b000 	C:\Program Files\Java\jdk-20\bin\VCRUNTIME140.dll
0x00007ffbc1dd0000 - 0x00007ffbc2075000 	C:\Windows\WinSxS\amd64_microsoft.windows.common-controls_6595b64144ccf1df_6.0.22000.120_none_9d947278b86cc467\COMCTL32.dll
0x00007ffbc7030000 - 0x00007ffbc703a000 	C:\Windows\SYSTEM32\VERSION.dll
0x00007ffbd8700000 - 0x00007ffbd8731000 	C:\Windows\System32\IMM32.DLL
0x00007ffbd3730000 - 0x00007ffbd373c000 	C:\Program Files\Java\jdk-20\bin\vcruntime140_1.dll
0x00007ffbc3ee0000 - 0x00007ffbc3f6e000 	C:\Program Files\Java\jdk-20\bin\msvcp140.dll
0x00007ffb8d860000 - 0x00007ffb8e4f7000 	C:\Program Files\Java\jdk-20\bin\server\jvm.dll
0x00007ffbd1d30000 - 0x00007ffbd1d39000 	C:\Windows\SYSTEM32\WSOCK32.dll
0x00007ffbd8eb0000 - 0x00007ffbd8f1f000 	C:\Windows\System32\WS2_32.dll
0x00007ffbce350000 - 0x00007ffbce383000 	C:\Windows\SYSTEM32\WINMM.dll
0x00007ffbd5420000 - 0x00007ffbd5438000 	C:\Windows\SYSTEM32\kernel.appcore.dll
0x00007ffbd1e00000 - 0x00007ffbd1e0a000 	C:\Program Files\Java\jdk-20\bin\jimage.dll
0x00007ffbd2480000 - 0x00007ffbd26a1000 	C:\Windows\SYSTEM32\DBGHELP.DLL
0x00007ffbbb700000 - 0x00007ffbbb731000 	C:\Windows\SYSTEM32\dbgcore.DLL
0x00007ffbd6aa0000 - 0x00007ffbd6b1f000 	C:\Windows\System32\bcryptPrimitives.dll
0x00007ffbcf250000 - 0x00007ffbcf276000 	C:\Program Files\Java\jdk-20\bin\java.dll

dbghelp: loaded successfully - version: 4.0.5 - missing functions: none
symbol engine: initialized successfully - sym options: 0x614 - pdb path: .;C:\Program Files\Java\jdk-20\bin;C:\Windows\SYSTEM32;C:\Windows\WinSxS\amd64_microsoft.windows.common-controls_6595b64144ccf1df_6.0.22000.120_none_9d947278b86cc467;C:\Program Files\Java\jdk-20\bin\server

VM Arguments:
java_command: <unknown>
java_class_path (initial): <not set>
Launcher Type: SUN_STANDARD

[Global flags]
     intx CICompilerCount                          = 3                                         {product} {ergonomic}
     uint ConcGCThreads                            = 1                                         {product} {ergonomic}
     uint G1ConcRefinementThreads                  = 4                                         {product} {ergonomic}
   size_t G1HeapRegionSize                         = 2097152                                   {product} {ergonomic}
    uintx GCDrainStackTargetSize                   = 64                                        {product} {ergonomic}
   size_t InitialHeapSize                          = 268435456                                 {product} {ergonomic}
   size_t MarkStackSize                            = 4194304                                   {product} {ergonomic}
   size_t MaxHeapSize                              = 4265607168                                {product} {ergonomic}
   size_t MinHeapDeltaBytes                        = 2097152                                   {product} {ergonomic}
   size_t MinHeapSize                              = 8388608                                   {product} {ergonomic}
    uintx NonNMethodCodeHeapSize                   = 5832780                                {pd product} {ergonomic}
    uintx NonProfiledCodeHeapSize                  = 122912730                              {pd product} {ergonomic}
    uintx ProfiledCodeHeapSize                     = 122912730                              {pd product} {ergonomic}
    uintx ReservedCodeCacheSize                    = 251658240                              {pd product} {ergonomic}
     bool SegmentedCodeCache                       = true                                      {product} {ergonomic}
   size_t SoftMaxHeapSize                          = 4265607168                             {manageable} {ergonomic}
     bool UseCompressedClassPointers               = true                           {product lp64_product} {ergonomic}
     bool UseCompressedOops                        = true                           {product lp64_product} {ergonomic}
     bool UseG1GC                                  = true                                      {product} {ergonomic}
     bool UseLargePagesIndividualAllocation        = false                                  {pd product} {ergonomic}

Logging:
Log output configuration:
 #0: stdout all=warning uptime,level,tags foldmultilines=false
 #1: stderr all=off uptime,level,tags foldmultilines=false

Environment Variables:
PATH=C:\Program Files\Common Files\Oracle\Java\javapath;C:\Windows\system32;C:\Windows;C:\Windows\System32\Wbem;C:\Windows\System32\WindowsPowerShell\v1.0\;C:\Windows\System32\OpenSSH\;C:\Program Files\Microsoft SQL Server\Client SDK\ODBC\130\Tools\Binn\;C:\Program Files (x86)\Microsoft SQL Server\140\Tools\Binn\;C:\Program Files\Microsoft SQL Server\140\Tools\Binn\;C:\Program Files\Microsoft SQL Server\140\DTS\Binn\;C:\Program Files (x86)\Microsoft SQL Server\150\DTS\Binn\;C:\Program Files\Java\jdk-20.0.1\bin;C:\Program Files\nodejs\;C:\Program Files\Docker\Docker\resources\bin;C:\ProgramData\ComposerSetup\bin;C:\xampp\php;C:\ProgramData\chocolatey\bin;C:\Program Files\Git\cmd;C:\Program Files\MySQL\MySQL Shell 8.0\bin\;C:\Users\Renike\AppData\Local\Programs\Python\Python311\Scripts\;C:\Users\Renike\AppData\Local\Programs\Python\Python311\;C:\Users\Renike\AppData\Local\Microsoft\WindowsApps;C:\Program Files\JetBrains\IntelliJ IDEA 2024.3.1.1\bin;;C:\Users\Renike\AppData\Local\Programs\Microsoft VS Code\bin;C:\Users\Renike\AppData\Local\Programs\EmEditor;C:\Program Files\Java\jdk-20\bin;C:\Users\Renike\AppData\Roaming\npm;C:\Program Files\JetBrains\WebStorm 2023.1.2\bin;;C:\Users\Renike\AppData\Local\GitHubDesktop\bin;C:\Users\Renike\AppData\Roaming\Composer\vendor\bin
USERNAME=Renike
OS=Windows_NT
PROCESSOR_IDENTIFIER=Intel64 Family 6 Model 78 Stepping 3, GenuineIntel
TMP=C:\Users\Renike\AppData\Local\Temp
TEMP=C:\Users\Renike\AppData\Local\Temp




---------------  S Y S T E M  ---------------

OS:
 Windows 11 , 64 bit Build 22000 (10.0.22000.2538)
OS uptime: 9 days 18:59 hours
Hyper-V role detected

CPU: total 4 (initial active 4) (2 cores per cpu, 2 threads per core) family 6 model 78 stepping 3 microcode 0xec, cx8, cmov, fxsr, ht, mmx, 3dnowpref, sse, sse2, sse3, ssse3, sse4.1, sse4.2, popcnt, lzcnt, tsc, tscinvbit, avx, avx2, aes, erms, clmul, bmi1, bmi2, rtm, adx, fma, vzeroupper, clflush, clflushopt, hv, rdtscp, f16c

Memory: 4k page, system-wide physical 16264M (1915M free)
TotalPageFile size 24456M (AvailPageFile size 125M)
current process WorkingSet (physical memory assigned to process): 10M, peak: 10M
current process commit charge ("private bytes"): 52M, peak: 308M

vm_info: Java HotSpot(TM) 64-Bit Server VM (20.0.1+9-29) for windows-amd64 JRE (20.0.1+9-29), built on 2023-03-07T13:56:11Z by "mach5one" with MS VC++ 17.1 (VS2022)

END.
